<?xml version="1.0" encoding="UTF-8"?>
<testng-results ignored="0" total="3" passed="3" failed="0" skipped="0">
  <reporter-output>
  </reporter-output>
  <suite started-at="2020-06-23T17:54:54 IST" name="Regression" finished-at="2020-06-23T17:57:46 IST" duration-ms="171869">
    <groups>
    </groups>
    <test started-at="2020-06-23T17:54:54 IST" name="ChromeTest" finished-at="2020-06-23T17:55:02 IST" duration-ms="7448">
      <class name="login.Testngclass1">
        <test-method is-config="true" signature="CreateDriverInstance(java.lang.String)[pri:0, instance:login.Testngclass1@4c15e7fd]" started-at="2020-06-23T17:54:54 IST" name="CreateDriverInstance" finished-at="2020-06-23T17:55:01 IST" duration-ms="6189" status="PASS">
          <params>
            <param index="0">
              <value>
                <![CDATA[chrome]]>
              </value>
            </param>
          </params>
          <reporter-output>
          </reporter-output>
        </test-method> <!-- CreateDriverInstance -->
        <test-method signature="logintest()[pri:0, instance:login.Testngclass1@4c15e7fd]" started-at="2020-06-23T17:55:01 IST" name="logintest" finished-at="2020-06-23T17:55:01 IST" duration-ms="582" status="PASS">
          <reporter-output>
          </reporter-output>
        </test-method> <!-- logintest -->
        <test-method is-config="true" signature="quitbrowser()[pri:0, instance:login.Testngclass1@4c15e7fd]" started-at="2020-06-23T17:55:01 IST" name="quitbrowser" finished-at="2020-06-23T17:55:02 IST" duration-ms="663" status="PASS">
          <reporter-output>
          </reporter-output>
        </test-method> <!-- quitbrowser -->
      </class> <!-- login.Testngclass1 -->
    </test> <!-- ChromeTest -->
    <test started-at="2020-06-23T17:55:02 IST" name="FirefoxTest" finished-at="2020-06-23T17:55:11 IST" duration-ms="9488">
      <class name="login.Testngclass1">
        <test-method is-config="true" signature="CreateDriverInstance(java.lang.String)[pri:0, instance:login.Testngclass1@6973bf95]" started-at="2020-06-23T17:55:02 IST" name="CreateDriverInstance" finished-at="2020-06-23T17:55:10 IST" duration-ms="8021" status="PASS">
          <params>
            <param index="0">
              <value>
                <![CDATA[firefox]]>
              </value>
            </param>
          </params>
          <reporter-output>
          </reporter-output>
        </test-method> <!-- CreateDriverInstance -->
        <test-method signature="logintest()[pri:0, instance:login.Testngclass1@6973bf95]" started-at="2020-06-23T17:55:10 IST" name="logintest" finished-at="2020-06-23T17:55:11 IST" duration-ms="704" status="PASS">
          <reporter-output>
          </reporter-output>
        </test-method> <!-- logintest -->
        <test-method is-config="true" signature="quitbrowser()[pri:0, instance:login.Testngclass1@6973bf95]" started-at="2020-06-23T17:55:11 IST" name="quitbrowser" finished-at="2020-06-23T17:55:11 IST" duration-ms="761" status="PASS">
          <reporter-output>
          </reporter-output>
        </test-method> <!-- quitbrowser -->
      </class> <!-- login.Testngclass1 -->
    </test> <!-- FirefoxTest -->
    <test started-at="2020-06-23T17:54:54 IST" name="IeTest" finished-at="2020-06-23T17:57:46 IST" duration-ms="171869">
      <class name="login.Testngclass1">
        <test-method is-config="true" signature="CreateDriverInstance(java.lang.String)[pri:0, instance:login.Testngclass1@147ed70f]" started-at="2020-06-23T17:54:54 IST" name="CreateDriverInstance" finished-at="2020-06-23T17:55:00 IST" duration-ms="5884" status="PASS">
          <params>
            <param index="0">
              <value>
                <![CDATA[ie]]>
              </value>
            </param>
          </params>
          <reporter-output>
          </reporter-output>
        </test-method> <!-- CreateDriverInstance -->
        <test-method signature="logintest()[pri:0, instance:login.Testngclass1@147ed70f]" started-at="2020-06-23T17:55:00 IST" name="logintest" finished-at="2020-06-23T17:57:46 IST" duration-ms="165420" status="PASS">
          <reporter-output>
          </reporter-output>
        </test-method> <!-- logintest -->
        <test-method is-config="true" signature="quitbrowser()[pri:0, instance:login.Testngclass1@147ed70f]" started-at="2020-06-23T17:57:46 IST" name="quitbrowser" finished-at="2020-06-23T17:57:46 IST" duration-ms="542" status="PASS">
          <reporter-output>
          </reporter-output>
        </test-method> <!-- quitbrowser -->
      </class> <!-- login.Testngclass1 -->
    </test> <!-- IeTest -->
  </suite> <!-- Regression -->
</testng-results>
